<?xml version="1.0" encoding="UTF-8"?>
<testng-results skipped="0" failed="0" ignored="0" total="1" passed="1">
  <reporter-output>
  </reporter-output>
  <suite name="Default suite" duration-ms="1347" started-at="2018-09-07T09:37:34Z" finished-at="2018-09-07T09:37:35Z">
    <groups>
    </groups>
    <test name="Default test" duration-ms="1347" started-at="2018-09-07T09:37:34Z" finished-at="2018-09-07T09:37:35Z">
      <class name="guru99training.junit.Guru99Test">
        <test-method status="PASS" signature="openGuru()[pri:0, instance:guru99training.junit.Guru99Test@6d4b1c02]" name="openGuru" is-config="true" duration-ms="6163" started-at="2018-09-07T09:37:28Z" finished-at="2018-09-07T09:37:34Z">
          <reporter-output>
          </reporter-output>
        </test-method> <!-- openGuru -->
        <test-method status="PASS" signature="loginTest()[pri:0, instance:guru99training.junit.Guru99Test@6d4b1c02]" name="loginTest" duration-ms="1324" started-at="2018-09-07T09:37:34Z" finished-at="2018-09-07T09:37:35Z">
          <reporter-output>
          </reporter-output>
        </test-method> <!-- loginTest -->
      </class> <!-- guru99training.junit.Guru99Test -->
    </test> <!-- Default test -->
  </suite> <!-- Default suite -->
</testng-results>
